2018-06-15 10:29:53 -  - exec CUpdateClient::GetUpdatesList
2018-06-15 10:29:53 -  - exec CUpdateClient::CollectRequestData
2018-06-15 10:29:53 -  - LICENSE_KEY=X&lang=ru&SUPD_VER=18.0.0&VERSION=18.0.0&TYPENC=D&SUPD_STS=1&SUPD_URS=0&SUPD_DBS=MYSQL&XE=N&CLIENT_SITE=alexanderbs.xyz&CHHB=alexanderbs.xyz&CSAB=127.0.0.1&SUID=2371a41200e70ab3448c6809b78f7389&CANGZIP=Y&CLIENT_PHPVER=5.6.36&stable=Y&NGINX=Y&rerere=Y&bitm_main=18.0.0&bitm_ui=17.6.0&bitm_socialservices=17.5.4&bitm_seo=18.0.0&bitm_ldap=17.0.1&bitm_photogallery=17.0.2&bitm_lists=17.0.18&bitm_abtest=17.5.0&bitm_landing=18.3.0&bitm_compression=16.0.0&bitm_support=16.0.0&bitm_currency=17.5.4&bitm_scale=17.5.0&bitm_security=17.0.2&bitm_forum=17.5.5&bitm_clouds=17.0.2&bitm_vote=17.5.1&bitm_learning=17.5.0&bitm_catalog=17.6.2&bitm_bizproc=17.6.2&bitm_mobileapp=17.5.1&bitm_perfmon=17.0.1&bitm_translate=16.0.0&bitm_fileman=17.5.12&bitm_sale=17.8.19&bitm_iblock=17.6.3&bitm_rest=18.0.0&bitm_subscribe=17.5.0&bitm_report=18.0.4&bitm_sender=18.0.0&bitm_socialnetwork=17.6.2&bitm_statistic=17.0.1&bitm_webservice=17.0.0&bitm_mail=17.5.6&bitm_search=17.5.1&bitm_wiki=17.5.1&bitm_highloadblock=17.5.0&bitm_eshopapp=16.5.0&bitm_storeassist=16.0.1&bitm_bizprocdesigner=17.5.3&bitm_bitrixcloud=17.5.0&bitm_pull=17.5.4&bitm_workflow=17.0.1&bitm_calendar=17.5.14&bitm_messageservice=18.0.0&bitm_cluster=17.0.1&bitm_conversion=17.5.0&bitm_advertising=17.0.1&bitm_im=18.0.2&bitm_idea=17.5.0&bitm_form=17.0.1&bitm_b24connector=17.5.0&bitm_blog=17.6.1&bitl_en=&bitl_ru=&SUPD_SRS=0&SUPD_CMP=N&SALE_15=Y&LICENSE_SIGNED=%7Enew_license18_0_sign-N
2018-06-15 10:29:53 -  - exec CUpdateClient::GetHTTPPage
2018-06-15 10:29:53 -  - TIME GetUpdatesList(request) 0.186 sec
2018-06-15 10:29:53 -  - exec CUpdateClient::ParseServerData
2018-06-15 10:42:15 -  - exec CUpdateClient::GetUpdatesList
2018-06-15 10:42:15 -  - exec CUpdateClient::CollectRequestData
2018-06-15 10:42:16 -  - LICENSE_KEY=X&lang=ru&SUPD_VER=18.0.0&VERSION=18.0.0&TYPENC=D&SUPD_STS=1&SUPD_URS=0&SUPD_DBS=MYSQL&XE=N&CLIENT_SITE=alexanderbs.xyz&CHHB=alexanderbs.xyz&CSAB=127.0.0.1&SUID=2371a41200e70ab3448c6809b78f7389&CANGZIP=Y&CLIENT_PHPVER=5.6.36&stable=Y&NGINX=Y&rerere=Y&bitm_main=18.0.0&bitm_ui=17.6.0&bitm_socialservices=17.5.4&bitm_seo=18.0.0&bitm_ldap=17.0.1&bitm_photogallery=17.0.2&bitm_lists=17.0.18&bitm_abtest=17.5.0&bitm_landing=18.3.0&bitm_compression=16.0.0&bitm_support=16.0.0&bitm_currency=17.5.4&bitm_scale=17.5.0&bitm_security=17.0.2&bitm_forum=17.5.5&bitm_clouds=17.0.2&bitm_vote=17.5.1&bitm_learning=17.5.0&bitm_catalog=17.6.2&bitm_bizproc=17.6.2&bitm_mobileapp=17.5.1&bitm_perfmon=17.0.1&bitm_translate=16.0.0&bitm_fileman=17.5.12&bitm_sale=17.8.19&bitm_iblock=17.6.3&bitm_rest=18.0.0&bitm_subscribe=17.5.0&bitm_report=18.0.4&bitm_sender=18.0.0&bitm_socialnetwork=17.6.2&bitm_statistic=17.0.1&bitm_webservice=17.0.0&bitm_mail=17.5.6&bitm_search=17.5.1&bitm_wiki=17.5.1&bitm_highloadblock=17.5.0&bitm_eshopapp=16.5.0&bitm_storeassist=16.0.1&bitm_bizprocdesigner=17.5.3&bitm_bitrixcloud=17.5.0&bitm_pull=17.5.4&bitm_workflow=17.0.1&bitm_calendar=17.5.14&bitm_messageservice=18.0.0&bitm_cluster=17.0.1&bitm_conversion=17.5.0&bitm_advertising=17.0.1&bitm_im=18.0.2&bitm_idea=17.5.0&bitm_form=17.0.1&bitm_b24connector=17.5.0&bitm_blog=17.6.1&bitl_en=&bitl_ru=&SUPD_SRS=0&SUPD_CMP=N&SALE_15=Y&LICENSE_SIGNED=%7Enew_license18_0_sign-N
2018-06-15 10:42:16 -  - exec CUpdateClient::GetHTTPPage
2018-06-15 10:42:16 -  - TIME GetUpdatesList(request) 0.19 sec
2018-06-15 10:42:16 -  - exec CUpdateClient::ParseServerData
2018-06-15 11:12:00 -  - exec CUpdateClient::GetUpdatesList
2018-06-15 11:12:00 -  - exec CUpdateClient::CollectRequestData
2018-06-15 11:12:00 -  - LICENSE_KEY=X&lang=ru&SUPD_VER=18.0.0&VERSION=18.0.0&TYPENC=D&SUPD_STS=1&SUPD_URS=0&SUPD_DBS=MYSQL&XE=N&CLIENT_SITE=alexanderbs.xyz&CHHB=alexanderbs.xyz&CSAB=127.0.0.1&SUID=2371a41200e70ab3448c6809b78f7389&CANGZIP=Y&CLIENT_PHPVER=5.6.36&stable=Y&NGINX=Y&rerere=Y&bitm_main=18.0.0&bitm_ui=17.6.0&bitm_socialservices=17.5.4&bitm_seo=18.0.0&bitm_ldap=17.0.1&bitm_photogallery=17.0.2&bitm_lists=17.0.18&bitm_abtest=17.5.0&bitm_landing=18.3.0&bitm_compression=16.0.0&bitm_support=16.0.0&bitm_currency=17.5.4&bitm_scale=17.5.0&bitm_security=17.0.2&bitm_forum=17.5.5&bitm_clouds=17.0.2&bitm_vote=17.5.1&bitm_learning=17.5.0&bitm_catalog=17.6.2&bitm_bizproc=17.6.2&bitm_mobileapp=17.5.1&bitm_perfmon=17.0.1&bitm_translate=16.0.0&bitm_fileman=17.5.12&bitm_sale=17.8.19&bitm_iblock=17.6.3&bitm_rest=18.0.0&bitm_subscribe=17.5.0&bitm_report=18.0.4&bitm_sender=18.0.0&bitm_socialnetwork=17.6.2&bitm_statistic=17.0.1&bitm_webservice=17.0.0&bitm_mail=17.5.6&bitm_search=17.5.1&bitm_wiki=17.5.1&bitm_highloadblock=17.5.0&bitm_eshopapp=16.5.0&bitm_storeassist=16.0.1&bitm_bizprocdesigner=17.5.3&bitm_bitrixcloud=17.5.0&bitm_pull=17.5.4&bitm_workflow=17.0.1&bitm_calendar=17.5.14&bitm_messageservice=18.0.0&bitm_cluster=17.0.1&bitm_conversion=17.5.0&bitm_advertising=17.0.1&bitm_im=18.0.2&bitm_idea=17.5.0&bitm_form=17.0.1&bitm_b24connector=17.5.0&bitm_blog=17.6.1&bitl_en=&bitl_ru=&SUPD_SRS=0&SUPD_CMP=N&SALE_15=Y&LICENSE_SIGNED=%7Enew_license18_0_sign-N
2018-06-15 11:12:00 -  - exec CUpdateClient::GetHTTPPage
2018-06-15 11:12:00 -  - TIME GetUpdatesList(request) 0.173 sec
2018-06-15 11:12:00 -  - exec CUpdateClient::ParseServerData
2018-07-11 09:30:45 -  - exec CUpdateClient::GetUpdatesList
2018-07-11 09:30:45 -  - exec CUpdateClient::CollectRequestData
2018-07-11 09:30:45 -  - LICENSE_KEY=X&lang=ru&SUPD_VER=18.0.0&VERSION=18.0.0&TYPENC=D&SUPD_STS=1&SUPD_URS=0&SUPD_DBS=MYSQL&XE=N&CLIENT_SITE=alexanderbs.xyz&CHHB=alexanderbs.xyz&CSAB=127.0.0.1&SUID=2371a41200e70ab3448c6809b78f7389&CANGZIP=Y&CLIENT_PHPVER=5.6.36&stable=Y&NGINX=Y&rerere=Y&bitm_main=18.0.0&bitm_ui=17.6.0&bitm_socialservices=17.5.4&bitm_seo=18.0.0&bitm_ldap=17.0.1&bitm_photogallery=17.0.2&bitm_lists=17.0.18&bitm_abtest=17.5.0&bitm_landing=18.3.0&bitm_compression=16.0.0&bitm_support=16.0.0&bitm_currency=17.5.4&bitm_scale=17.5.0&bitm_security=17.0.2&bitm_forum=17.5.5&bitm_clouds=17.0.2&bitm_vote=17.5.1&bitm_learning=17.5.0&bitm_catalog=17.6.2&bitm_bizproc=17.6.2&bitm_mobileapp=17.5.1&bitm_perfmon=17.0.1&bitm_translate=16.0.0&bitm_fileman=17.5.12&bitm_sale=17.8.19&bitm_iblock=17.6.3&bitm_rest=18.0.0&bitm_subscribe=17.5.0&bitm_report=18.0.4&bitm_sender=18.0.0&bitm_socialnetwork=17.6.2&bitm_statistic=17.0.1&bitm_webservice=17.0.0&bitm_mail=17.5.6&bitm_search=17.5.1&bitm_wiki=17.5.1&bitm_highloadblock=17.5.0&bitm_eshopapp=16.5.0&bitm_storeassist=16.0.1&bitm_bizprocdesigner=17.5.3&bitm_bitrixcloud=17.5.0&bitm_pull=17.5.4&bitm_workflow=17.0.1&bitm_calendar=17.5.14&bitm_messageservice=18.0.0&bitm_cluster=17.0.1&bitm_conversion=17.5.0&bitm_advertising=17.0.1&bitm_im=18.0.2&bitm_idea=17.5.0&bitm_form=17.0.1&bitm_b24connector=17.5.0&bitm_blog=17.6.1&bitl_en=&bitl_ru=&SUPD_SRS=0&SUPD_CMP=N&SALE_15=Y&LICENSE_SIGNED=%7Enew_license18_0_sign-N
2018-07-11 09:30:45 -  - exec CUpdateClient::GetHTTPPage
2018-07-11 09:30:45 -  - TIME GetUpdatesList(request) 0.374 sec
2018-07-11 09:30:45 -  - exec CUpdateClient::ParseServerData
2018-07-17 16:15:38 -  - exec CUpdateClient::GetUpdatesList
2018-07-17 16:15:38 -  - exec CUpdateClient::CollectRequestData
2018-07-17 16:15:38 -  - LICENSE_KEY=X&lang=ru&SUPD_VER=18.0.0&VERSION=18.0.0&TYPENC=D&SUPD_STS=1&SUPD_URS=0&SUPD_DBS=MYSQL&XE=N&CLIENT_SITE=alexanderbs.xyz&CHHB=alexanderbs.xyz&CSAB=127.0.0.1&SUID=2371a41200e70ab3448c6809b78f7389&CANGZIP=Y&CLIENT_PHPVER=5.6.36&stable=Y&NGINX=Y&rerere=Y&bitm_main=18.0.0&bitm_ui=17.6.0&bitm_socialservices=17.5.4&bitm_seo=18.0.0&bitm_ldap=17.0.1&bitm_photogallery=17.0.2&bitm_lists=17.0.18&bitm_abtest=17.5.0&bitm_landing=18.3.0&bitm_compression=16.0.0&bitm_support=16.0.0&bitm_currency=17.5.4&bitm_scale=17.5.0&bitm_security=17.0.2&bitm_forum=17.5.5&bitm_clouds=17.0.2&bitm_vote=17.5.1&bitm_learning=17.5.0&bitm_catalog=17.6.2&bitm_bizproc=17.6.2&bitm_mobileapp=17.5.1&bitm_perfmon=17.0.1&bitm_translate=16.0.0&bitm_fileman=17.5.12&bitm_sale=17.8.19&bitm_iblock=17.6.3&bitm_rest=18.0.0&bitm_subscribe=17.5.0&bitm_report=18.0.4&bitm_sender=18.0.0&bitm_socialnetwork=17.6.2&bitm_statistic=17.0.1&bitm_webservice=17.0.0&bitm_mail=17.5.6&bitm_search=17.5.1&bitm_wiki=17.5.1&bitm_highloadblock=17.5.0&bitm_eshopapp=16.5.0&bitm_storeassist=16.0.1&bitm_bizprocdesigner=17.5.3&bitm_bitrixcloud=17.5.0&bitm_pull=17.5.4&bitm_workflow=17.0.1&bitm_calendar=17.5.14&bitm_messageservice=18.0.0&bitm_cluster=17.0.1&bitm_conversion=17.5.0&bitm_advertising=17.0.1&bitm_im=18.0.2&bitm_idea=17.5.0&bitm_form=17.0.1&bitm_b24connector=17.5.0&bitm_blog=17.6.1&bitl_en=&bitl_ru=&SUPD_SRS=0&SUPD_CMP=N&SALE_15=Y&LICENSE_SIGNED=%7Enew_license18_0_sign-N
2018-07-17 16:15:38 -  - exec CUpdateClient::GetHTTPPage
2018-07-17 16:15:38 -  - TIME GetUpdatesList(request) 0.288 sec
2018-07-17 16:15:38 -  - exec CUpdateClient::ParseServerData
2018-07-17 16:16:04 -  - exec CUpdateClient::GetUpdatesList
2018-07-17 16:16:04 -  - exec CUpdateClient::CollectRequestData
2018-07-17 16:16:04 -  - LICENSE_KEY=X&lang=ru&SUPD_VER=18.0.0&VERSION=18.0.0&TYPENC=D&SUPD_STS=1&SUPD_URS=0&SUPD_DBS=MYSQL&XE=N&CLIENT_SITE=alexanderbs.xyz&CHHB=alexanderbs.xyz&CSAB=127.0.0.1&SUID=2371a41200e70ab3448c6809b78f7389&CANGZIP=Y&CLIENT_PHPVER=5.6.36&stable=Y&NGINX=Y&rerere=Y&bitm_main=18.0.0&bitm_ui=17.6.0&bitm_socialservices=17.5.4&bitm_seo=18.0.0&bitm_ldap=17.0.1&bitm_photogallery=17.0.2&bitm_lists=17.0.18&bitm_abtest=17.5.0&bitm_landing=18.3.0&bitm_compression=16.0.0&bitm_support=16.0.0&bitm_currency=17.5.4&bitm_scale=17.5.0&bitm_security=17.0.2&bitm_forum=17.5.5&bitm_clouds=17.0.2&bitm_vote=17.5.1&bitm_learning=17.5.0&bitm_catalog=17.6.2&bitm_bizproc=17.6.2&bitm_mobileapp=17.5.1&bitm_perfmon=17.0.1&bitm_translate=16.0.0&bitm_fileman=17.5.12&bitm_sale=17.8.19&bitm_iblock=17.6.3&bitm_rest=18.0.0&bitm_subscribe=17.5.0&bitm_report=18.0.4&bitm_sender=18.0.0&bitm_socialnetwork=17.6.2&bitm_statistic=17.0.1&bitm_webservice=17.0.0&bitm_mail=17.5.6&bitm_search=17.5.1&bitm_wiki=17.5.1&bitm_highloadblock=17.5.0&bitm_eshopapp=16.5.0&bitm_storeassist=16.0.1&bitm_bizprocdesigner=17.5.3&bitm_bitrixcloud=17.5.0&bitm_pull=17.5.4&bitm_workflow=17.0.1&bitm_calendar=17.5.14&bitm_messageservice=18.0.0&bitm_cluster=17.0.1&bitm_conversion=17.5.0&bitm_advertising=17.0.1&bitm_im=18.0.2&bitm_idea=17.5.0&bitm_form=17.0.1&bitm_b24connector=17.5.0&bitm_blog=17.6.1&bitl_en=&bitl_ru=&SUPD_SRS=0&SUPD_CMP=N&SALE_15=Y&LICENSE_SIGNED=%7Enew_license18_0_sign-N
2018-07-17 16:16:04 -  - exec CUpdateClient::GetHTTPPage
2018-07-17 16:16:04 -  - TIME GetUpdatesList(request) 0.238 sec
2018-07-17 16:16:04 -  - exec CUpdateClient::ParseServerData
2018-07-17 16:16:12 -  - exec CUpdateClient::GetUpdatesList
2018-07-17 16:16:12 -  - exec CUpdateClient::CollectRequestData
2018-07-17 16:16:12 -  - LICENSE_KEY=X&lang=ru&SUPD_VER=18.0.0&VERSION=18.0.0&TYPENC=D&SUPD_STS=1&SUPD_URS=0&SUPD_DBS=MYSQL&XE=N&CLIENT_SITE=alexanderbs.xyz&CHHB=alexanderbs.xyz&CSAB=127.0.0.1&SUID=2371a41200e70ab3448c6809b78f7389&CANGZIP=Y&CLIENT_PHPVER=5.6.36&stable=Y&NGINX=Y&rerere=Y&bitm_main=18.0.0&bitm_ui=17.6.0&bitm_socialservices=17.5.4&bitm_seo=18.0.0&bitm_ldap=17.0.1&bitm_photogallery=17.0.2&bitm_lists=17.0.18&bitm_abtest=17.5.0&bitm_landing=18.3.0&bitm_compression=16.0.0&bitm_support=16.0.0&bitm_currency=17.5.4&bitm_scale=17.5.0&bitm_security=17.0.2&bitm_forum=17.5.5&bitm_clouds=17.0.2&bitm_vote=17.5.1&bitm_learning=17.5.0&bitm_catalog=17.6.2&bitm_bizproc=17.6.2&bitm_mobileapp=17.5.1&bitm_perfmon=17.0.1&bitm_translate=16.0.0&bitm_fileman=17.5.12&bitm_sale=17.8.19&bitm_iblock=17.6.3&bitm_rest=18.0.0&bitm_subscribe=17.5.0&bitm_report=18.0.4&bitm_sender=18.0.0&bitm_socialnetwork=17.6.2&bitm_statistic=17.0.1&bitm_webservice=17.0.0&bitm_mail=17.5.6&bitm_search=17.5.1&bitm_wiki=17.5.1&bitm_highloadblock=17.5.0&bitm_eshopapp=16.5.0&bitm_storeassist=16.0.1&bitm_bizprocdesigner=17.5.3&bitm_bitrixcloud=17.5.0&bitm_pull=17.5.4&bitm_workflow=17.0.1&bitm_calendar=17.5.14&bitm_messageservice=18.0.0&bitm_cluster=17.0.1&bitm_conversion=17.5.0&bitm_advertising=17.0.1&bitm_im=18.0.2&bitm_idea=17.5.0&bitm_form=17.0.1&bitm_b24connector=17.5.0&bitm_blog=17.6.1&bitl_en=&bitl_ru=&SUPD_SRS=0&SUPD_CMP=N&SALE_15=Y&LICENSE_SIGNED=%7Enew_license18_0_sign-N
2018-07-17 16:16:12 -  - exec CUpdateClient::GetHTTPPage
2018-07-17 16:16:12 -  - TIME GetUpdatesList(request) 0.203 sec
2018-07-17 16:16:12 -  - exec CUpdateClient::ParseServerData
2018-07-17 16:16:24 -  - exec CUpdateClient::GetUpdatesList
2018-07-17 16:16:24 -  - exec CUpdateClient::CollectRequestData
2018-07-17 16:16:24 -  - LICENSE_KEY=X&lang=ru&SUPD_VER=18.0.0&VERSION=18.0.0&TYPENC=D&SUPD_STS=1&SUPD_URS=0&SUPD_DBS=MYSQL&XE=N&CLIENT_SITE=alexanderbs.xyz&CHHB=alexanderbs.xyz&CSAB=127.0.0.1&SUID=2371a41200e70ab3448c6809b78f7389&CANGZIP=Y&CLIENT_PHPVER=5.6.36&stable=Y&NGINX=Y&rerere=Y&bitm_main=18.0.0&bitm_ui=17.6.0&bitm_socialservices=17.5.4&bitm_seo=18.0.0&bitm_ldap=17.0.1&bitm_photogallery=17.0.2&bitm_lists=17.0.18&bitm_abtest=17.5.0&bitm_landing=18.3.0&bitm_compression=16.0.0&bitm_support=16.0.0&bitm_currency=17.5.4&bitm_scale=17.5.0&bitm_security=17.0.2&bitm_forum=17.5.5&bitm_clouds=17.0.2&bitm_vote=17.5.1&bitm_learning=17.5.0&bitm_catalog=17.6.2&bitm_bizproc=17.6.2&bitm_mobileapp=17.5.1&bitm_perfmon=17.0.1&bitm_translate=16.0.0&bitm_fileman=17.5.12&bitm_sale=17.8.19&bitm_iblock=17.6.3&bitm_rest=18.0.0&bitm_subscribe=17.5.0&bitm_report=18.0.4&bitm_sender=18.0.0&bitm_socialnetwork=17.6.2&bitm_statistic=17.0.1&bitm_webservice=17.0.0&bitm_mail=17.5.6&bitm_search=17.5.1&bitm_wiki=17.5.1&bitm_highloadblock=17.5.0&bitm_eshopapp=16.5.0&bitm_storeassist=16.0.1&bitm_bizprocdesigner=17.5.3&bitm_bitrixcloud=17.5.0&bitm_pull=17.5.4&bitm_workflow=17.0.1&bitm_calendar=17.5.14&bitm_messageservice=18.0.0&bitm_cluster=17.0.1&bitm_conversion=17.5.0&bitm_advertising=17.0.1&bitm_im=18.0.2&bitm_idea=17.5.0&bitm_form=17.0.1&bitm_b24connector=17.5.0&bitm_blog=17.6.1&bitl_en=&bitl_ru=&SUPD_SRS=0&SUPD_CMP=N&SALE_15=Y&LICENSE_SIGNED=%7Enew_license18_0_sign-N
2018-07-17 16:16:24 -  - exec CUpdateClient::GetHTTPPage
2018-07-17 16:16:24 -  - TIME GetUpdatesList(request) 0.204 sec
2018-07-17 16:16:24 -  - exec CUpdateClient::ParseServerData
2018-07-17 16:17:09 -  - exec CUpdateClient::GetUpdatesList
2018-07-17 16:17:09 -  - exec CUpdateClient::CollectRequestData
2018-07-17 16:17:09 -  - LICENSE_KEY=X&lang=ru&SUPD_VER=18.0.0&VERSION=18.0.0&TYPENC=D&SUPD_STS=1&SUPD_URS=0&SUPD_DBS=MYSQL&XE=N&CLIENT_SITE=alexanderbs.xyz&CHHB=alexanderbs.xyz&CSAB=127.0.0.1&SUID=2371a41200e70ab3448c6809b78f7389&CANGZIP=Y&CLIENT_PHPVER=5.6.36&stable=Y&NGINX=Y&rerere=Y&bitm_main=18.0.0&bitm_ui=17.6.0&bitm_socialservices=17.5.4&bitm_seo=18.0.0&bitm_ldap=17.0.1&bitm_photogallery=17.0.2&bitm_lists=17.0.18&bitm_abtest=17.5.0&bitm_landing=18.3.0&bitm_compression=16.0.0&bitm_support=16.0.0&bitm_currency=17.5.4&bitm_scale=17.5.0&bitm_security=17.0.2&bitm_forum=17.5.5&bitm_clouds=17.0.2&bitm_vote=17.5.1&bitm_learning=17.5.0&bitm_catalog=17.6.2&bitm_bizproc=17.6.2&bitm_mobileapp=17.5.1&bitm_perfmon=17.0.1&bitm_translate=16.0.0&bitm_fileman=17.5.12&bitm_sale=17.8.19&bitm_iblock=17.6.3&bitm_rest=18.0.0&bitm_subscribe=17.5.0&bitm_report=18.0.4&bitm_sender=18.0.0&bitm_socialnetwork=17.6.2&bitm_statistic=17.0.1&bitm_webservice=17.0.0&bitm_mail=17.5.6&bitm_search=17.5.1&bitm_wiki=17.5.1&bitm_highloadblock=17.5.0&bitm_eshopapp=16.5.0&bitm_storeassist=16.0.1&bitm_bizprocdesigner=17.5.3&bitm_bitrixcloud=17.5.0&bitm_pull=17.5.4&bitm_workflow=17.0.1&bitm_calendar=17.5.14&bitm_messageservice=18.0.0&bitm_cluster=17.0.1&bitm_conversion=17.5.0&bitm_advertising=17.0.1&bitm_im=18.0.2&bitm_idea=17.5.0&bitm_form=17.0.1&bitm_b24connector=17.5.0&bitm_blog=17.6.1&bitl_en=&bitl_ru=&SUPD_SRS=0&SUPD_CMP=N&SALE_15=Y&LICENSE_SIGNED=%7Enew_license18_0_sign-N
2018-07-17 16:17:09 -  - exec CUpdateClient::GetHTTPPage
2018-07-17 16:17:10 -  - TIME GetUpdatesList(request) 0.199 sec
2018-07-17 16:17:10 -  - exec CUpdateClient::ParseServerData
